[2026-01-05T20:49:11.010906+01:00] VideoclubLogger.INFO: Socio incluido: Cliente Vip (Nº 1) {"nombre":"Cliente Vip","numero":1} []
[2026-01-05T20:49:11.016224+01:00] VideoclubLogger.INFO: Producto incluido: Final Fantasy VII (Nº 1) {"titulo":"Final Fantasy VII","numero":1} []
[2026-01-05T20:49:11.016375+01:00] VideoclubLogger.INFO: Alquilado soporte: Final Fantasy VII [] []
[2026-01-05T20:49:11.016804+01:00] VideoclubLogger.INFO: Has alquilado: Final Fantasy VII {"titulo":"Final Fantasy VII","cliente":1} []
[2026-01-05T20:49:11.016954+01:00] VideoclubLogger.WARNING: El soporte ya está alquilado: Final Fantasy VII [] []
[2026-01-05T20:49:11.025384+01:00] VideoclubLogger.WARNING: Error: Ya tienes alquilado: Final Fantasy VII {"exception":"[object] (Dwes\\ProyectoVideoclub\\Util\\SoporteYaAlquiladoException(code: 0): Ya tienes alquilado: Final Fantasy VII at C:/xampp/htdocs/proyectoVideoclub/app/Cliente.php:83)"} []
[2026-01-05T20:49:11.025540+01:00] VideoclubLogger.INFO: Devuelto soporte: Final Fantasy VII [] []
[2026-01-05T20:49:11.025585+01:00] VideoclubLogger.INFO: Has devuelto: Final Fantasy VII {"titulo":"Final Fantasy VII","cliente":1} []
[2026-01-05T21:25:09.283342+01:00] VideoclubLogger.INFO: Producto incluido: God of War (Nº 1) {"titulo":"God of War","numero":1} []
[2026-01-05T21:25:09.286882+01:00] VideoclubLogger.INFO: Producto incluido: The Last of Us Part II (Nº 2) {"titulo":"The Last of Us Part II","numero":2} []
[2026-01-05T21:25:09.287317+01:00] VideoclubLogger.INFO: Producto incluido: Torrente (Nº 3) {"titulo":"Torrente","numero":3} []
[2026-01-05T21:25:09.287397+01:00] VideoclubLogger.INFO: Producto incluido: Origen (Nº 4) {"titulo":"Origen","numero":4} []
[2026-01-05T21:25:09.287440+01:00] VideoclubLogger.INFO: Producto incluido: El Imperio Contraataca (Nº 5) {"titulo":"El Imperio Contraataca","numero":5} []
[2026-01-05T21:25:09.287800+01:00] VideoclubLogger.INFO: Producto incluido: Los cazafantasmas (Nº 6) {"titulo":"Los cazafantasmas","numero":6} []
[2026-01-05T21:25:09.287881+01:00] VideoclubLogger.INFO: Producto incluido: El nombre de la Rosa (Nº 7) {"titulo":"El nombre de la Rosa","numero":7} []
[2026-01-05T21:25:09.287923+01:00] VideoclubLogger.INFO: Productos en Severo 8A: {"videoclub":"Severo 8A"} []
[2026-01-05T21:25:09.291865+01:00] VideoclubLogger.INFO: Socio incluido: Amancio Ortega (Nº 1) {"nombre":"Amancio Ortega","numero":1} []
[2026-01-05T21:25:09.291971+01:00] VideoclubLogger.INFO: Socio incluido: Pablo Picasso (Nº 2) {"nombre":"Pablo Picasso","numero":2} []
[2026-01-05T21:25:09.292055+01:00] VideoclubLogger.INFO: Alquilado soporte: The Last of Us Part II [] []
[2026-01-05T21:25:09.292647+01:00] VideoclubLogger.INFO: Has alquilado: The Last of Us Part II {"titulo":"The Last of Us Part II","cliente":1} []
[2026-01-05T21:25:09.292724+01:00] VideoclubLogger.INFO: Alquilado soporte: Torrente [] []
[2026-01-05T21:25:09.293258+01:00] VideoclubLogger.INFO: Has alquilado: Torrente {"titulo":"Torrente","cliente":2} []
[2026-01-05T21:25:09.293336+01:00] VideoclubLogger.WARNING: El soporte ya está alquilado: Torrente [] []
[2026-01-05T21:25:09.294382+01:00] VideoclubLogger.WARNING: Error: Ya tienes alquilado: Torrente {"exception":"[object] (Dwes\\ProyectoVideoclub\\Util\\SoporteYaAlquiladoException(code: 0): Ya tienes alquilado: Torrente at C:/xampp/htdocs/proyectoVideoclub/app/Cliente.php:112)"} []
[2026-01-05T21:25:09.294493+01:00] VideoclubLogger.INFO: Alquilado soporte: Torrente [] []
[2026-01-05T21:25:09.294548+01:00] VideoclubLogger.INFO: Has alquilado: Torrente {"titulo":"Torrente","cliente":1} []
[2026-01-05T21:25:09.294604+01:00] VideoclubLogger.WARNING: Cupo de alquileres superado. No puedes alquilar más de 2 soportes. [] []
[2026-01-05T21:25:09.295011+01:00] VideoclubLogger.WARNING: Error: No puedes alquilar más de 2 soportes. {"exception":"[object] (Dwes\\ProyectoVideoclub\\Util\\CupoSuperadoException(code: 0): No puedes alquilar más de 2 soportes. at C:/xampp/htdocs/proyectoVideoclub/app/Cliente.php:117)"} []
[2026-01-05T21:25:09.295180+01:00] VideoclubLogger.INFO: Socios en Severo 8A: {"videoclub":"Severo 8A"} []
[2026-01-05T21:25:09.295572+01:00] VideoclubLogger.INFO: Amancio Ortega tiene 2 soporte(s) alquilado(s): [] []
[2026-01-05T21:25:09.295653+01:00] VideoclubLogger.INFO: - The Last of Us Part II (Nº 2) [] []
[2026-01-05T21:25:09.295711+01:00] VideoclubLogger.INFO: - Torrente (Nº 3) [] []
[2026-01-05T21:25:09.295944+01:00] VideoclubLogger.INFO: Pablo Picasso tiene 1 soporte(s) alquilado(s): [] []
[2026-01-05T21:25:09.296026+01:00] VideoclubLogger.INFO: - Torrente (Nº 3) [] []
[2026-01-05T21:25:09.296162+01:00] VideoclubLogger.INFO: Devuelto soporte: The Last of Us Part II [] []
[2026-01-05T21:25:09.296244+01:00] VideoclubLogger.INFO: Has devuelto: The Last of Us Part II {"titulo":"The Last of Us Part II","cliente":1} []
[2026-01-05T21:25:09.296321+01:00] VideoclubLogger.WARNING: El soporte con número 2 ya está devuelto. No se realiza ninguna devolución. {"num_soporte":2} []
[2026-01-05T21:25:09.296500+01:00] VideoclubLogger.INFO: Socios en Severo 8A: {"videoclub":"Severo 8A"} []
[2026-01-05T21:25:09.296745+01:00] VideoclubLogger.INFO: Amancio Ortega tiene 1 soporte(s) alquilado(s): [] []
[2026-01-05T21:25:09.296827+01:00] VideoclubLogger.INFO: - Torrente (Nº 3) [] []
[2026-01-05T21:25:09.297040+01:00] VideoclubLogger.INFO: Pablo Picasso tiene 1 soporte(s) alquilado(s): [] []
[2026-01-05T21:25:09.297131+01:00] VideoclubLogger.INFO: - Torrente (Nº 3) [] []
[2026-01-05T21:25:21.917778+01:00] VideoclubLogger.INFO: Producto incluido: God of War (Nº 1) {"titulo":"God of War","numero":1} []
[2026-01-05T21:25:21.920369+01:00] VideoclubLogger.INFO: Producto incluido: The Last of Us Part II (Nº 2) {"titulo":"The Last of Us Part II","numero":2} []
[2026-01-05T21:25:21.920740+01:00] VideoclubLogger.INFO: Producto incluido: Torrente (Nº 3) {"titulo":"Torrente","numero":3} []
[2026-01-05T21:25:21.920840+01:00] VideoclubLogger.INFO: Producto incluido: Origen (Nº 4) {"titulo":"Origen","numero":4} []
[2026-01-05T21:25:21.920885+01:00] VideoclubLogger.INFO: Producto incluido: El Imperio Contraataca (Nº 5) {"titulo":"El Imperio Contraataca","numero":5} []
[2026-01-05T21:25:21.921216+01:00] VideoclubLogger.INFO: Producto incluido: Los cazafantasmas (Nº 6) {"titulo":"Los cazafantasmas","numero":6} []
[2026-01-05T21:25:21.921291+01:00] VideoclubLogger.INFO: Producto incluido: El nombre de la Rosa (Nº 7) {"titulo":"El nombre de la Rosa","numero":7} []
[2026-01-05T21:25:21.921356+01:00] VideoclubLogger.INFO: Productos en Severo 8A: {"videoclub":"Severo 8A"} []
[2026-01-05T21:25:21.922092+01:00] VideoclubLogger.INFO: Socio incluido: Amancio Ortega (Nº 1) {"nombre":"Amancio Ortega","numero":1} []
[2026-01-05T21:25:21.922165+01:00] VideoclubLogger.INFO: Socio incluido: Pablo Picasso (Nº 2) {"nombre":"Pablo Picasso","numero":2} []
[2026-01-05T21:25:21.922217+01:00] VideoclubLogger.INFO: Alquilado soporte: The Last of Us Part II [] []
[2026-01-05T21:25:21.922648+01:00] VideoclubLogger.INFO: Has alquilado: The Last of Us Part II {"titulo":"The Last of Us Part II","cliente":1} []
[2026-01-05T21:25:21.922705+01:00] VideoclubLogger.INFO: Alquilado soporte: Torrente [] []
[2026-01-05T21:25:21.923168+01:00] VideoclubLogger.INFO: Has alquilado: Torrente {"titulo":"Torrente","cliente":2} []
[2026-01-05T21:25:21.923248+01:00] VideoclubLogger.WARNING: El soporte ya está alquilado: Torrente [] []
[2026-01-05T21:25:21.924010+01:00] VideoclubLogger.WARNING: Error: Ya tienes alquilado: Torrente {"exception":"[object] (Dwes\\ProyectoVideoclub\\Util\\SoporteYaAlquiladoException(code: 0): Ya tienes alquilado: Torrente at C:/xampp/htdocs/proyectoVideoclub/app/Cliente.php:112)"} []
[2026-01-05T21:25:21.924118+01:00] VideoclubLogger.INFO: Alquilado soporte: Torrente [] []
[2026-01-05T21:25:21.924199+01:00] VideoclubLogger.INFO: Has alquilado: Torrente {"titulo":"Torrente","cliente":1} []
[2026-01-05T21:25:21.924263+01:00] VideoclubLogger.WARNING: Cupo de alquileres superado. No puedes alquilar más de 2 soportes. [] []
[2026-01-05T21:25:21.924616+01:00] VideoclubLogger.WARNING: Error: No puedes alquilar más de 2 soportes. {"exception":"[object] (Dwes\\ProyectoVideoclub\\Util\\CupoSuperadoException(code: 0): No puedes alquilar más de 2 soportes. at C:/xampp/htdocs/proyectoVideoclub/app/Cliente.php:117)"} []
[2026-01-05T21:25:21.924812+01:00] VideoclubLogger.INFO: Socios en Severo 8A: {"videoclub":"Severo 8A"} []
[2026-01-05T21:25:21.924989+01:00] VideoclubLogger.INFO: Amancio Ortega tiene 2 soporte(s) alquilado(s): [] []
[2026-01-05T21:25:21.925069+01:00] VideoclubLogger.INFO: - The Last of Us Part II (Nº 2) [] []
[2026-01-05T21:25:21.925134+01:00] VideoclubLogger.INFO: - Torrente (Nº 3) [] []
[2026-01-05T21:25:21.925258+01:00] VideoclubLogger.INFO: Pablo Picasso tiene 1 soporte(s) alquilado(s): [] []
[2026-01-05T21:25:21.925338+01:00] VideoclubLogger.INFO: - Torrente (Nº 3) [] []
[2026-01-05T21:25:21.925401+01:00] VideoclubLogger.INFO: Devuelto soporte: The Last of Us Part II [] []
[2026-01-05T21:25:21.925505+01:00] VideoclubLogger.INFO: Has devuelto: The Last of Us Part II {"titulo":"The Last of Us Part II","cliente":1} []
[2026-01-05T21:25:21.925576+01:00] VideoclubLogger.WARNING: El soporte con número 2 ya está devuelto. No se realiza ninguna devolución. {"num_soporte":2} []
[2026-01-05T21:25:21.925622+01:00] VideoclubLogger.INFO: Socios en Severo 8A: {"videoclub":"Severo 8A"} []
[2026-01-05T21:25:21.925662+01:00] VideoclubLogger.INFO: Amancio Ortega tiene 1 soporte(s) alquilado(s): [] []
[2026-01-05T21:25:21.925706+01:00] VideoclubLogger.INFO: - Torrente (Nº 3) [] []
[2026-01-05T21:25:21.925773+01:00] VideoclubLogger.INFO: Pablo Picasso tiene 1 soporte(s) alquilado(s): [] []
[2026-01-05T21:25:21.925879+01:00] VideoclubLogger.INFO: - Torrente (Nº 3) [] []
[2026-01-05T21:32:03.086521+01:00] VideoclubLogger.INFO: Producto incluido: God of War (Nº 1) {"titulo":"God of War","numero":1} []
[2026-01-05T21:32:03.089251+01:00] VideoclubLogger.INFO: Producto incluido: The Last of Us Part II (Nº 2) {"titulo":"The Last of Us Part II","numero":2} []
[2026-01-05T21:32:03.089689+01:00] VideoclubLogger.INFO: Producto incluido: Torrente (Nº 3) {"titulo":"Torrente","numero":3} []
[2026-01-05T21:32:03.089753+01:00] VideoclubLogger.INFO: Producto incluido: Origen (Nº 4) {"titulo":"Origen","numero":4} []
[2026-01-05T21:32:03.089796+01:00] VideoclubLogger.INFO: Producto incluido: El Imperio Contraataca (Nº 5) {"titulo":"El Imperio Contraataca","numero":5} []
[2026-01-05T21:32:03.090168+01:00] VideoclubLogger.INFO: Producto incluido: Los cazafantasmas (Nº 6) {"titulo":"Los cazafantasmas","numero":6} []
[2026-01-05T21:32:03.090228+01:00] VideoclubLogger.INFO: Producto incluido: El nombre de la Rosa (Nº 7) {"titulo":"El nombre de la Rosa","numero":7} []
[2026-01-05T21:32:03.090267+01:00] VideoclubLogger.INFO: Productos en Severo 8A: {"videoclub":"Severo 8A"} []
[2026-01-05T21:32:03.093430+01:00] VideoclubLogger.INFO: Socio incluido: Amancio Ortega (Nº 1) {"nombre":"Amancio Ortega","numero":1} []
[2026-01-05T21:32:03.093540+01:00] VideoclubLogger.INFO: Socio incluido: Pablo Picasso (Nº 2) {"nombre":"Pablo Picasso","numero":2} []
[2026-01-05T21:32:03.093600+01:00] VideoclubLogger.INFO: Alquilado soporte: The Last of Us Part II [] []
[2026-01-05T21:32:03.094075+01:00] VideoclubLogger.INFO: Has alquilado: The Last of Us Part II {"titulo":"The Last of Us Part II","cliente":1} []
[2026-01-05T21:32:03.094135+01:00] VideoclubLogger.INFO: Alquilado soporte: Torrente [] []
[2026-01-05T21:32:03.094696+01:00] VideoclubLogger.INFO: Has alquilado: Torrente {"titulo":"Torrente","cliente":2} []
[2026-01-05T21:32:03.094805+01:00] VideoclubLogger.WARNING: El soporte ya está alquilado: Torrente [] []
[2026-01-05T21:32:03.095739+01:00] VideoclubLogger.WARNING: Error: Ya tienes alquilado: Torrente {"exception":"[object] (Dwes\\ProyectoVideoclub\\Util\\SoporteYaAlquiladoException(code: 0): Ya tienes alquilado: Torrente at C:/xampp/htdocs/proyectoVideoclub/app/Cliente.php:112)"} []
[2026-01-05T21:32:03.095863+01:00] VideoclubLogger.INFO: Alquilado soporte: Torrente [] []
[2026-01-05T21:32:03.095923+01:00] VideoclubLogger.INFO: Has alquilado: Torrente {"titulo":"Torrente","cliente":1} []
[2026-01-05T21:32:03.096068+01:00] VideoclubLogger.WARNING: Cupo de alquileres superado. No puedes alquilar más de 2 soportes. [] []
[2026-01-05T21:32:03.096513+01:00] VideoclubLogger.WARNING: Error: No puedes alquilar más de 2 soportes. {"exception":"[object] (Dwes\\ProyectoVideoclub\\Util\\CupoSuperadoException(code: 0): No puedes alquilar más de 2 soportes. at C:/xampp/htdocs/proyectoVideoclub/app/Cliente.php:117)"} []
[2026-01-05T21:32:03.096733+01:00] VideoclubLogger.INFO: Socios en Severo 8A: {"videoclub":"Severo 8A"} []
[2026-01-05T21:32:03.096951+01:00] VideoclubLogger.INFO: Amancio Ortega tiene 2 soporte(s) alquilado(s): [] []
[2026-01-05T21:32:03.097034+01:00] VideoclubLogger.INFO: - The Last of Us Part II (Nº 2) [] []
[2026-01-05T21:32:03.097131+01:00] VideoclubLogger.INFO: - Torrente (Nº 3) [] []
[2026-01-05T21:32:03.097316+01:00] VideoclubLogger.INFO: Pablo Picasso tiene 1 soporte(s) alquilado(s): [] []
[2026-01-05T21:32:03.097426+01:00] VideoclubLogger.INFO: - Torrente (Nº 3) [] []
[2026-01-05T21:32:03.097524+01:00] VideoclubLogger.INFO: Devuelto soporte: The Last of Us Part II [] []
[2026-01-05T21:32:03.097586+01:00] VideoclubLogger.INFO: Has devuelto: The Last of Us Part II {"titulo":"The Last of Us Part II","cliente":1} []
[2026-01-05T21:32:03.097645+01:00] VideoclubLogger.WARNING: El soporte con número 2 ya está devuelto. No se realiza ninguna devolución. {"num_soporte":2} []
[2026-01-05T21:32:03.097793+01:00] VideoclubLogger.INFO: Socios en Severo 8A: {"videoclub":"Severo 8A"} []
[2026-01-05T21:32:03.098061+01:00] VideoclubLogger.INFO: Amancio Ortega tiene 1 soporte(s) alquilado(s): [] []
[2026-01-05T21:32:03.098128+01:00] VideoclubLogger.INFO: - Torrente (Nº 3) [] []
[2026-01-05T21:32:03.098313+01:00] VideoclubLogger.INFO: Pablo Picasso tiene 1 soporte(s) alquilado(s): [] []
[2026-01-05T21:32:03.098387+01:00] VideoclubLogger.INFO: - Torrente (Nº 3) [] []
[2026-01-05T21:32:40.499426+01:00] VideoclubLogger.INFO: Producto incluido: God of War (Nº 1) {"titulo":"God of War","numero":1} []
[2026-01-05T21:32:40.502116+01:00] VideoclubLogger.INFO: Producto incluido: The Last of Us Part II (Nº 2) {"titulo":"The Last of Us Part II","numero":2} []
[2026-01-05T21:32:40.502549+01:00] VideoclubLogger.INFO: Producto incluido: Torrente (Nº 3) {"titulo":"Torrente","numero":3} []
[2026-01-05T21:32:40.502618+01:00] VideoclubLogger.INFO: Producto incluido: Origen (Nº 4) {"titulo":"Origen","numero":4} []
[2026-01-05T21:32:40.502682+01:00] VideoclubLogger.INFO: Producto incluido: El Imperio Contraataca (Nº 5) {"titulo":"El Imperio Contraataca","numero":5} []
[2026-01-05T21:32:40.503056+01:00] VideoclubLogger.INFO: Producto incluido: Los cazafantasmas (Nº 6) {"titulo":"Los cazafantasmas","numero":6} []
[2026-01-05T21:32:40.503152+01:00] VideoclubLogger.INFO: Producto incluido: El nombre de la Rosa (Nº 7) {"titulo":"El nombre de la Rosa","numero":7} []
[2026-01-05T21:32:40.503214+01:00] VideoclubLogger.INFO: Productos en Severo 8A: {"videoclub":"Severo 8A"} []
[2026-01-05T21:32:40.506833+01:00] VideoclubLogger.INFO: Socio incluido: Amancio Ortega (Nº 1) {"nombre":"Amancio Ortega","numero":1} []
[2026-01-05T21:32:40.506915+01:00] VideoclubLogger.INFO: Socio incluido: Pablo Picasso (Nº 2) {"nombre":"Pablo Picasso","numero":2} []
[2026-01-05T21:32:40.506968+01:00] VideoclubLogger.INFO: Alquilado soporte: The Last of Us Part II [] []
[2026-01-05T21:32:40.507414+01:00] VideoclubLogger.INFO: Has alquilado: The Last of Us Part II {"titulo":"The Last of Us Part II","cliente":1} []
[2026-01-05T21:32:40.507513+01:00] VideoclubLogger.INFO: Alquilado soporte: Torrente [] []
[2026-01-05T21:32:40.508066+01:00] VideoclubLogger.INFO: Has alquilado: Torrente {"titulo":"Torrente","cliente":2} []
[2026-01-05T21:32:40.508158+01:00] VideoclubLogger.WARNING: El soporte ya está alquilado: Torrente [] []
[2026-01-05T21:32:40.509008+01:00] VideoclubLogger.WARNING: Error: Ya tienes alquilado: Torrente {"exception":"[object] (Dwes\\ProyectoVideoclub\\Util\\SoporteYaAlquiladoException(code: 0): Ya tienes alquilado: Torrente at C:/xampp/htdocs/proyectoVideoclub/app/Cliente.php:112)"} []
[2026-01-05T21:32:40.509276+01:00] VideoclubLogger.INFO: Alquilado soporte: Torrente [] []
[2026-01-05T21:32:40.509440+01:00] VideoclubLogger.INFO: Has alquilado: Torrente {"titulo":"Torrente","cliente":1} []
[2026-01-05T21:32:40.509533+01:00] VideoclubLogger.WARNING: Cupo de alquileres superado. No puedes alquilar más de 2 soportes. [] []
[2026-01-05T21:32:40.509974+01:00] VideoclubLogger.WARNING: Error: No puedes alquilar más de 2 soportes. {"exception":"[object] (Dwes\\ProyectoVideoclub\\Util\\CupoSuperadoException(code: 0): No puedes alquilar más de 2 soportes. at C:/xampp/htdocs/proyectoVideoclub/app/Cliente.php:117)"} []
[2026-01-05T21:32:40.510212+01:00] VideoclubLogger.INFO: Socios en Severo 8A: {"videoclub":"Severo 8A"} []
[2026-01-05T21:32:40.510508+01:00] VideoclubLogger.INFO: Amancio Ortega tiene 2 soporte(s) alquilado(s): [] []
[2026-01-05T21:32:40.510595+01:00] VideoclubLogger.INFO: - The Last of Us Part II (Nº 2) [] []
[2026-01-05T21:32:40.510664+01:00] VideoclubLogger.INFO: - Torrente (Nº 3) [] []
[2026-01-05T21:32:40.510837+01:00] VideoclubLogger.INFO: Pablo Picasso tiene 1 soporte(s) alquilado(s): [] []
[2026-01-05T21:32:40.511219+01:00] VideoclubLogger.INFO: - Torrente (Nº 3) [] []
[2026-01-05T21:32:40.511311+01:00] VideoclubLogger.INFO: Devuelto soporte: The Last of Us Part II [] []
[2026-01-05T21:32:40.511414+01:00] VideoclubLogger.INFO: Has devuelto: The Last of Us Part II {"titulo":"The Last of Us Part II","cliente":1} []
[2026-01-05T21:32:40.511486+01:00] VideoclubLogger.WARNING: El soporte con número 2 ya está devuelto. No se realiza ninguna devolución. {"num_soporte":2} []
[2026-01-05T21:32:40.511670+01:00] VideoclubLogger.INFO: Socios en Severo 8A: {"videoclub":"Severo 8A"} []
[2026-01-05T21:32:40.511914+01:00] VideoclubLogger.INFO: Amancio Ortega tiene 1 soporte(s) alquilado(s): [] []
[2026-01-05T21:32:40.512067+01:00] VideoclubLogger.INFO: - Torrente (Nº 3) [] []
[2026-01-05T21:32:40.512299+01:00] VideoclubLogger.INFO: Pablo Picasso tiene 1 soporte(s) alquilado(s): [] []
[2026-01-05T21:32:40.512432+01:00] VideoclubLogger.INFO: - Torrente (Nº 3) [] []
[2026-01-05T21:33:36.855784+01:00] VideoclubLogger.INFO: Producto incluido: God of War (Nº 1) {"titulo":"God of War","numero":1} []
[2026-01-05T21:33:36.858967+01:00] VideoclubLogger.INFO: Producto incluido: The Last of Us Part II (Nº 2) {"titulo":"The Last of Us Part II","numero":2} []
[2026-01-05T21:33:36.859452+01:00] VideoclubLogger.INFO: Producto incluido: Torrente (Nº 3) {"titulo":"Torrente","numero":3} []
[2026-01-05T21:33:36.859528+01:00] VideoclubLogger.INFO: Producto incluido: Origen (Nº 4) {"titulo":"Origen","numero":4} []
[2026-01-05T21:33:36.859613+01:00] VideoclubLogger.INFO: Producto incluido: El Imperio Contraataca (Nº 5) {"titulo":"El Imperio Contraataca","numero":5} []
[2026-01-05T21:33:36.860124+01:00] VideoclubLogger.INFO: Producto incluido: Los cazafantasmas (Nº 6) {"titulo":"Los cazafantasmas","numero":6} []
[2026-01-05T21:33:36.860214+01:00] VideoclubLogger.INFO: Producto incluido: El nombre de la Rosa (Nº 7) {"titulo":"El nombre de la Rosa","numero":7} []
[2026-01-05T21:33:36.860271+01:00] VideoclubLogger.INFO: Productos en Severo 8A: {"videoclub":"Severo 8A"} []
[2026-01-05T21:33:36.864190+01:00] VideoclubLogger.INFO: Socio incluido: Amancio Ortega (Nº 1) {"nombre":"Amancio Ortega","numero":1} []
[2026-01-05T21:33:36.864284+01:00] VideoclubLogger.INFO: Socio incluido: Pablo Picasso (Nº 2) {"nombre":"Pablo Picasso","numero":2} []
[2026-01-05T21:33:36.864341+01:00] VideoclubLogger.INFO: Alquilado soporte: The Last of Us Part II [] []
[2026-01-05T21:33:36.864812+01:00] VideoclubLogger.INFO: Has alquilado: The Last of Us Part II {"titulo":"The Last of Us Part II","cliente":1} []
[2026-01-05T21:33:36.864910+01:00] VideoclubLogger.INFO: Alquilado soporte: Torrente [] []
[2026-01-05T21:33:36.865494+01:00] VideoclubLogger.INFO: Has alquilado: Torrente {"titulo":"Torrente","cliente":2} []
[2026-01-05T21:33:36.865593+01:00] VideoclubLogger.WARNING: El soporte ya está alquilado: Torrente [] []
[2026-01-05T21:33:36.866458+01:00] VideoclubLogger.WARNING: Error: Ya tienes alquilado: Torrente {"exception":"[object] (Dwes\\ProyectoVideoclub\\Util\\SoporteYaAlquiladoException(code: 0): Ya tienes alquilado: Torrente at C:/xampp/htdocs/proyectoVideoclub/app/Cliente.php:112)"} []
[2026-01-05T21:33:36.866614+01:00] VideoclubLogger.INFO: Alquilado soporte: Torrente [] []
[2026-01-05T21:33:36.866746+01:00] VideoclubLogger.INFO: Has alquilado: Torrente {"titulo":"Torrente","cliente":1} []
[2026-01-05T21:33:36.866829+01:00] VideoclubLogger.WARNING: Cupo de alquileres superado. No puedes alquilar más de 2 soportes. [] []
[2026-01-05T21:33:36.867416+01:00] VideoclubLogger.WARNING: Error: No puedes alquilar más de 2 soportes. {"exception":"[object] (Dwes\\ProyectoVideoclub\\Util\\CupoSuperadoException(code: 0): No puedes alquilar más de 2 soportes. at C:/xampp/htdocs/proyectoVideoclub/app/Cliente.php:117)"} []
[2026-01-05T21:33:36.867626+01:00] VideoclubLogger.INFO: Socios en Severo 8A: {"videoclub":"Severo 8A"} []
[2026-01-05T21:33:36.867893+01:00] VideoclubLogger.INFO: Amancio Ortega tiene 2 soporte(s) alquilado(s): [] []
[2026-01-05T21:33:36.867979+01:00] VideoclubLogger.INFO: - The Last of Us Part II (Nº 2) [] []
[2026-01-05T21:33:36.868045+01:00] VideoclubLogger.INFO: - Torrente (Nº 3) [] []
[2026-01-05T21:33:36.868219+01:00] VideoclubLogger.INFO: Pablo Picasso tiene 1 soporte(s) alquilado(s): [] []
[2026-01-05T21:33:36.868344+01:00] VideoclubLogger.INFO: - Torrente (Nº 3) [] []
[2026-01-05T21:33:36.868454+01:00] VideoclubLogger.INFO: Devuelto soporte: The Last of Us Part II [] []
[2026-01-05T21:33:36.868565+01:00] VideoclubLogger.INFO: Has devuelto: The Last of Us Part II {"titulo":"The Last of Us Part II","cliente":1} []
[2026-01-05T21:33:36.868652+01:00] VideoclubLogger.WARNING: El soporte con número 2 ya está devuelto. No se realiza ninguna devolución. {"num_soporte":2} []
[2026-01-05T21:33:36.868896+01:00] VideoclubLogger.INFO: Socios en Severo 8A: {"videoclub":"Severo 8A"} []
[2026-01-05T21:33:36.869151+01:00] VideoclubLogger.INFO: Amancio Ortega tiene 1 soporte(s) alquilado(s): [] []
[2026-01-05T21:33:36.869267+01:00] VideoclubLogger.INFO: - Torrente (Nº 3) [] []
[2026-01-05T21:33:36.869475+01:00] VideoclubLogger.INFO: Pablo Picasso tiene 1 soporte(s) alquilado(s): [] []
[2026-01-05T21:33:36.869632+01:00] VideoclubLogger.INFO: - Torrente (Nº 3) [] []
[2026-01-05T21:33:56.558168+01:00] VideoclubLogger.INFO: Producto incluido: God of War (Nº 1) {"titulo":"God of War","numero":1} []
[2026-01-05T21:33:56.561010+01:00] VideoclubLogger.INFO: Producto incluido: The Last of Us Part II (Nº 2) {"titulo":"The Last of Us Part II","numero":2} []
[2026-01-05T21:33:56.561470+01:00] VideoclubLogger.INFO: Producto incluido: Torrente (Nº 3) {"titulo":"Torrente","numero":3} []
[2026-01-05T21:33:56.561563+01:00] VideoclubLogger.INFO: Producto incluido: Origen (Nº 4) {"titulo":"Origen","numero":4} []
[2026-01-05T21:33:56.561624+01:00] VideoclubLogger.INFO: Producto incluido: El Imperio Contraataca (Nº 5) {"titulo":"El Imperio Contraataca","numero":5} []
[2026-01-05T21:33:56.562018+01:00] VideoclubLogger.INFO: Producto incluido: Los cazafantasmas (Nº 6) {"titulo":"Los cazafantasmas","numero":6} []
[2026-01-05T21:33:56.562121+01:00] VideoclubLogger.INFO: Producto incluido: El nombre de la Rosa (Nº 7) {"titulo":"El nombre de la Rosa","numero":7} []
[2026-01-05T21:33:56.562159+01:00] VideoclubLogger.INFO: Productos en Severo 8A: {"videoclub":"Severo 8A"} []
[2026-01-05T21:33:56.566038+01:00] VideoclubLogger.INFO: Socio incluido: Amancio Ortega (Nº 1) {"nombre":"Amancio Ortega","numero":1} []
[2026-01-05T21:33:56.566140+01:00] VideoclubLogger.INFO: Socio incluido: Pablo Picasso (Nº 2) {"nombre":"Pablo Picasso","numero":2} []
[2026-01-05T21:33:56.566197+01:00] VideoclubLogger.INFO: Alquilado soporte: The Last of Us Part II [] []
[2026-01-05T21:33:56.566780+01:00] VideoclubLogger.INFO: Has alquilado: The Last of Us Part II {"titulo":"The Last of Us Part II","cliente":1} []
[2026-01-05T21:33:56.566956+01:00] VideoclubLogger.INFO: Alquilado soporte: Torrente [] []
[2026-01-05T21:33:56.567612+01:00] VideoclubLogger.INFO: Has alquilado: Torrente {"titulo":"Torrente","cliente":2} []
[2026-01-05T21:33:56.567698+01:00] VideoclubLogger.WARNING: El soporte ya está alquilado: Torrente [] []
[2026-01-05T21:33:56.568526+01:00] VideoclubLogger.WARNING: Error: Ya tienes alquilado: Torrente {"exception":"[object] (Dwes\\ProyectoVideoclub\\Util\\SoporteYaAlquiladoException(code: 0): Ya tienes alquilado: Torrente at C:/xampp/htdocs/proyectoVideoclub/app/Cliente.php:112)"} []
[2026-01-05T21:33:56.568637+01:00] VideoclubLogger.INFO: Alquilado soporte: Torrente [] []
[2026-01-05T21:33:56.568735+01:00] VideoclubLogger.INFO: Has alquilado: Torrente {"titulo":"Torrente","cliente":1} []
[2026-01-05T21:33:56.568924+01:00] VideoclubLogger.WARNING: Cupo de alquileres superado. No puedes alquilar más de 2 soportes. [] []
[2026-01-05T21:33:56.569370+01:00] VideoclubLogger.WARNING: Error: No puedes alquilar más de 2 soportes. {"exception":"[object] (Dwes\\ProyectoVideoclub\\Util\\CupoSuperadoException(code: 0): No puedes alquilar más de 2 soportes. at C:/xampp/htdocs/proyectoVideoclub/app/Cliente.php:117)"} []
[2026-01-05T21:33:56.569548+01:00] VideoclubLogger.INFO: Socios en Severo 8A: {"videoclub":"Severo 8A"} []
[2026-01-05T21:33:56.569837+01:00] VideoclubLogger.INFO: Amancio Ortega tiene 2 soporte(s) alquilado(s): [] []
[2026-01-05T21:33:56.569941+01:00] VideoclubLogger.INFO: - The Last of Us Part II (Nº 2) [] []
[2026-01-05T21:33:56.570042+01:00] VideoclubLogger.INFO: - Torrente (Nº 3) [] []
[2026-01-05T21:33:56.570245+01:00] VideoclubLogger.INFO: Pablo Picasso tiene 1 soporte(s) alquilado(s): [] []
[2026-01-05T21:33:56.570380+01:00] VideoclubLogger.INFO: - Torrente (Nº 3) [] []
[2026-01-05T21:33:56.570485+01:00] VideoclubLogger.INFO: Devuelto soporte: The Last of Us Part II [] []
[2026-01-05T21:33:56.570545+01:00] VideoclubLogger.INFO: Has devuelto: The Last of Us Part II {"titulo":"The Last of Us Part II","cliente":1} []
[2026-01-05T21:33:56.570602+01:00] VideoclubLogger.WARNING: El soporte con número 2 ya está devuelto. No se realiza ninguna devolución. {"num_soporte":2} []
[2026-01-05T21:33:56.570789+01:00] VideoclubLogger.INFO: Socios en Severo 8A: {"videoclub":"Severo 8A"} []
[2026-01-05T21:33:56.571073+01:00] VideoclubLogger.INFO: Amancio Ortega tiene 1 soporte(s) alquilado(s): [] []
[2026-01-05T21:33:56.571156+01:00] VideoclubLogger.INFO: - Torrente (Nº 3) [] []
[2026-01-05T21:33:56.571377+01:00] VideoclubLogger.INFO: Pablo Picasso tiene 1 soporte(s) alquilado(s): [] []
[2026-01-05T21:33:56.571461+01:00] VideoclubLogger.INFO: - Torrente (Nº 3) [] []
[2026-01-05T21:34:26.505181+01:00] VideoclubLogger.INFO: Producto incluido: God of War (Nº 1) {"titulo":"God of War","numero":1} []
[2026-01-05T21:34:26.508505+01:00] VideoclubLogger.INFO: Producto incluido: The Last of Us Part II (Nº 2) {"titulo":"The Last of Us Part II","numero":2} []
[2026-01-05T21:34:26.508942+01:00] VideoclubLogger.INFO: Producto incluido: Torrente (Nº 3) {"titulo":"Torrente","numero":3} []
[2026-01-05T21:34:26.509021+01:00] VideoclubLogger.INFO: Producto incluido: Origen (Nº 4) {"titulo":"Origen","numero":4} []
[2026-01-05T21:34:26.509063+01:00] VideoclubLogger.INFO: Producto incluido: El Imperio Contraataca (Nº 5) {"titulo":"El Imperio Contraataca","numero":5} []
[2026-01-05T21:34:26.509420+01:00] VideoclubLogger.INFO: Producto incluido: Los cazafantasmas (Nº 6) {"titulo":"Los cazafantasmas","numero":6} []
[2026-01-05T21:34:26.509486+01:00] VideoclubLogger.INFO: Producto incluido: El nombre de la Rosa (Nº 7) {"titulo":"El nombre de la Rosa","numero":7} []
[2026-01-05T21:34:26.509524+01:00] VideoclubLogger.INFO: Productos en Severo 8A: {"videoclub":"Severo 8A"} []
[2026-01-05T21:34:26.513477+01:00] VideoclubLogger.INFO: Socio incluido: Amancio Ortega (Nº 1) {"nombre":"Amancio Ortega","numero":1} []
[2026-01-05T21:34:26.513570+01:00] VideoclubLogger.INFO: Socio incluido: Pablo Picasso (Nº 2) {"nombre":"Pablo Picasso","numero":2} []
[2026-01-05T21:34:26.513700+01:00] VideoclubLogger.INFO: Alquilado soporte: The Last of Us Part II [] []
[2026-01-05T21:34:26.514151+01:00] VideoclubLogger.INFO: Has alquilado: The Last of Us Part II {"titulo":"The Last of Us Part II","cliente":1} []
[2026-01-05T21:34:26.514243+01:00] VideoclubLogger.INFO: Alquilado soporte: Torrente [] []
[2026-01-05T21:34:26.514911+01:00] VideoclubLogger.INFO: Has alquilado: Torrente {"titulo":"Torrente","cliente":2} []
[2026-01-05T21:34:26.515067+01:00] VideoclubLogger.WARNING: El soporte ya está alquilado: Torrente [] []
[2026-01-05T21:34:26.516028+01:00] VideoclubLogger.WARNING: Error: Ya tienes alquilado: Torrente {"exception":"[object] (Dwes\\ProyectoVideoclub\\Util\\SoporteYaAlquiladoException(code: 0): Ya tienes alquilado: Torrente at C:/xampp/htdocs/proyectoVideoclub/app/Cliente.php:112)"} []
[2026-01-05T21:34:26.516147+01:00] VideoclubLogger.INFO: Alquilado soporte: Torrente [] []
[2026-01-05T21:34:26.516229+01:00] VideoclubLogger.INFO: Has alquilado: Torrente {"titulo":"Torrente","cliente":1} []
[2026-01-05T21:34:26.516354+01:00] VideoclubLogger.WARNING: Cupo de alquileres superado. No puedes alquilar más de 2 soportes. [] []
[2026-01-05T21:34:26.516767+01:00] VideoclubLogger.WARNING: Error: No puedes alquilar más de 2 soportes. {"exception":"[object] (Dwes\\ProyectoVideoclub\\Util\\CupoSuperadoException(code: 0): No puedes alquilar más de 2 soportes. at C:/xampp/htdocs/proyectoVideoclub/app/Cliente.php:117)"} []
[2026-01-05T21:34:26.516944+01:00] VideoclubLogger.INFO: Socios en Severo 8A: {"videoclub":"Severo 8A"} []
[2026-01-05T21:34:26.517260+01:00] VideoclubLogger.INFO: Amancio Ortega tiene 2 soporte(s) alquilado(s): [] []
[2026-01-05T21:34:26.517346+01:00] VideoclubLogger.INFO: - The Last of Us Part II (Nº 2) [] []
[2026-01-05T21:34:26.517388+01:00] VideoclubLogger.INFO: - Torrente (Nº 3) [] []
[2026-01-05T21:34:26.517634+01:00] VideoclubLogger.INFO: Pablo Picasso tiene 1 soporte(s) alquilado(s): [] []
[2026-01-05T21:34:26.517770+01:00] VideoclubLogger.INFO: - Torrente (Nº 3) [] []
[2026-01-05T21:34:26.517867+01:00] VideoclubLogger.INFO: Devuelto soporte: The Last of Us Part II [] []
[2026-01-05T21:34:26.517956+01:00] VideoclubLogger.INFO: Has devuelto: The Last of Us Part II {"titulo":"The Last of Us Part II","cliente":1} []
[2026-01-05T21:34:26.518028+01:00] VideoclubLogger.WARNING: El soporte con número 2 ya está devuelto. No se realiza ninguna devolución. {"num_soporte":2} []
[2026-01-05T21:34:26.518270+01:00] VideoclubLogger.INFO: Socios en Severo 8A: {"videoclub":"Severo 8A"} []
[2026-01-05T21:34:26.518692+01:00] VideoclubLogger.INFO: Amancio Ortega tiene 1 soporte(s) alquilado(s): [] []
[2026-01-05T21:34:26.518788+01:00] VideoclubLogger.INFO: - Torrente (Nº 3) [] []
[2026-01-05T21:34:26.519114+01:00] VideoclubLogger.INFO: Pablo Picasso tiene 1 soporte(s) alquilado(s): [] []
[2026-01-05T21:34:26.519250+01:00] VideoclubLogger.INFO: - Torrente (Nº 3) [] []
[2026-01-05T21:37:16.085948+01:00] VideoclubLogger.INFO: Producto incluido: God of War (Nº 1) {"titulo":"God of War","numero":1} []
[2026-01-05T21:37:16.088895+01:00] VideoclubLogger.INFO: Producto incluido: The Last of Us Part II (Nº 2) {"titulo":"The Last of Us Part II","numero":2} []
[2026-01-05T21:37:16.089310+01:00] VideoclubLogger.INFO: Producto incluido: Torrente (Nº 3) {"titulo":"Torrente","numero":3} []
[2026-01-05T21:37:16.089387+01:00] VideoclubLogger.INFO: Producto incluido: Origen (Nº 4) {"titulo":"Origen","numero":4} []
[2026-01-05T21:37:16.089449+01:00] VideoclubLogger.INFO: Producto incluido: El Imperio Contraataca (Nº 5) {"titulo":"El Imperio Contraataca","numero":5} []
[2026-01-05T21:37:16.089836+01:00] VideoclubLogger.INFO: Producto incluido: Los cazafantasmas (Nº 6) {"titulo":"Los cazafantasmas","numero":6} []
[2026-01-05T21:37:16.089894+01:00] VideoclubLogger.INFO: Producto incluido: El nombre de la Rosa (Nº 7) {"titulo":"El nombre de la Rosa","numero":7} []
[2026-01-05T21:37:16.089960+01:00] VideoclubLogger.INFO: Productos en Severo 8A: {"videoclub":"Severo 8A"} []
[2026-01-05T21:37:16.090939+01:00] VideoclubLogger.INFO: Socio incluido: Amancio Ortega (Nº 1) {"nombre":"Amancio Ortega","numero":1} []
[2026-01-05T21:37:16.091044+01:00] VideoclubLogger.INFO: Socio incluido: Pablo Picasso (Nº 2) {"nombre":"Pablo Picasso","numero":2} []
[2026-01-05T21:37:16.091109+01:00] VideoclubLogger.INFO: Alquilado soporte: The Last of Us Part II [] []
[2026-01-05T21:37:16.091813+01:00] VideoclubLogger.INFO: Has alquilado: The Last of Us Part II {"titulo":"The Last of Us Part II","cliente":1} []
[2026-01-05T21:37:16.091903+01:00] VideoclubLogger.INFO: Alquilado soporte: Torrente [] []
[2026-01-05T21:37:16.092503+01:00] VideoclubLogger.INFO: Has alquilado: Torrente {"titulo":"Torrente","cliente":2} []
[2026-01-05T21:37:16.092586+01:00] VideoclubLogger.WARNING: El soporte ya está alquilado: Torrente [] []
[2026-01-05T21:37:16.093501+01:00] VideoclubLogger.WARNING: Error: Ya tienes alquilado: Torrente {"exception":"[object] (Dwes\\ProyectoVideoclub\\Util\\SoporteYaAlquiladoException(code: 0): Ya tienes alquilado: Torrente at C:/xampp/htdocs/proyectoVideoclub/app/Cliente.php:112)"} []
[2026-01-05T21:37:16.093621+01:00] VideoclubLogger.INFO: Alquilado soporte: Torrente [] []
[2026-01-05T21:37:16.093670+01:00] VideoclubLogger.INFO: Has alquilado: Torrente {"titulo":"Torrente","cliente":1} []
[2026-01-05T21:37:16.093715+01:00] VideoclubLogger.WARNING: Cupo de alquileres superado. No puedes alquilar más de 2 soportes. [] []
[2026-01-05T21:37:16.094139+01:00] VideoclubLogger.WARNING: Error: No puedes alquilar más de 2 soportes. {"exception":"[object] (Dwes\\ProyectoVideoclub\\Util\\CupoSuperadoException(code: 0): No puedes alquilar más de 2 soportes. at C:/xampp/htdocs/proyectoVideoclub/app/Cliente.php:117)"} []
[2026-01-05T21:37:16.094230+01:00] VideoclubLogger.INFO: Socios en Severo 8A: {"videoclub":"Severo 8A"} []
[2026-01-05T21:37:16.094290+01:00] VideoclubLogger.INFO: Amancio Ortega tiene 2 soporte(s) alquilado(s): [] []
[2026-01-05T21:37:16.094336+01:00] VideoclubLogger.INFO: - The Last of Us Part II (Nº 2) [] []
[2026-01-05T21:37:16.094379+01:00] VideoclubLogger.INFO: - Torrente (Nº 3) [] []
[2026-01-05T21:37:16.094488+01:00] VideoclubLogger.INFO: Pablo Picasso tiene 1 soporte(s) alquilado(s): [] []
[2026-01-05T21:37:16.094614+01:00] VideoclubLogger.INFO: - Torrente (Nº 3) [] []
[2026-01-05T21:37:16.094753+01:00] VideoclubLogger.INFO: Devuelto soporte: The Last of Us Part II [] []
[2026-01-05T21:37:16.094825+01:00] VideoclubLogger.INFO: Has devuelto: The Last of Us Part II {"titulo":"The Last of Us Part II","cliente":1} []
[2026-01-05T21:37:16.094902+01:00] VideoclubLogger.WARNING: El soporte con número 2 ya está devuelto. No se realiza ninguna devolución. {"num_soporte":2} []
[2026-01-05T21:37:16.094953+01:00] VideoclubLogger.INFO: Socios en Severo 8A: {"videoclub":"Severo 8A"} []
[2026-01-05T21:37:16.095010+01:00] VideoclubLogger.INFO: Amancio Ortega tiene 1 soporte(s) alquilado(s): [] []
[2026-01-05T21:37:16.095126+01:00] VideoclubLogger.INFO: - Torrente (Nº 3) [] []
[2026-01-05T21:37:16.095234+01:00] VideoclubLogger.INFO: Pablo Picasso tiene 1 soporte(s) alquilado(s): [] []
[2026-01-05T21:37:16.095302+01:00] VideoclubLogger.INFO: - Torrente (Nº 3) [] []
[2026-01-05T21:38:42.718567+01:00] VideoclubLogger.INFO: Producto incluido: God of War (Nº 1) {"titulo":"God of War","numero":1} []
[2026-01-05T21:38:42.721280+01:00] VideoclubLogger.INFO: Producto incluido: The Last of Us Part II (Nº 2) {"titulo":"The Last of Us Part II","numero":2} []
[2026-01-05T21:38:42.721614+01:00] VideoclubLogger.INFO: Producto incluido: Torrente (Nº 3) {"titulo":"Torrente","numero":3} []
[2026-01-05T21:38:42.721684+01:00] VideoclubLogger.INFO: Producto incluido: Origen (Nº 4) {"titulo":"Origen","numero":4} []
[2026-01-05T21:38:42.721725+01:00] VideoclubLogger.INFO: Producto incluido: El Imperio Contraataca (Nº 5) {"titulo":"El Imperio Contraataca","numero":5} []
[2026-01-05T21:38:42.722027+01:00] VideoclubLogger.INFO: Producto incluido: Los cazafantasmas (Nº 6) {"titulo":"Los cazafantasmas","numero":6} []
[2026-01-05T21:38:42.722152+01:00] VideoclubLogger.INFO: Producto incluido: El nombre de la Rosa (Nº 7) {"titulo":"El nombre de la Rosa","numero":7} []
[2026-01-05T21:38:42.722196+01:00] VideoclubLogger.INFO: Productos en Severo 8A: {"videoclub":"Severo 8A"} []
[2026-01-05T21:38:42.722694+01:00] VideoclubLogger.INFO: Socio incluido: Amancio Ortega (Nº 1) {"nombre":"Amancio Ortega","numero":1} []
[2026-01-05T21:38:42.722764+01:00] VideoclubLogger.INFO: Socio incluido: Pablo Picasso (Nº 2) {"nombre":"Pablo Picasso","numero":2} []
[2026-01-05T21:38:42.722808+01:00] VideoclubLogger.INFO: Alquilado soporte: The Last of Us Part II [] []
[2026-01-05T21:38:42.723280+01:00] VideoclubLogger.INFO: Has alquilado: The Last of Us Part II {"titulo":"The Last of Us Part II","cliente":1} []
[2026-01-05T21:38:42.723349+01:00] VideoclubLogger.INFO: Alquilado soporte: Torrente [] []
[2026-01-05T21:38:42.723948+01:00] VideoclubLogger.INFO: Has alquilado: Torrente {"titulo":"Torrente","cliente":2} []
[2026-01-05T21:38:42.724025+01:00] VideoclubLogger.WARNING: El soporte ya está alquilado: Torrente [] []
[2026-01-05T21:38:42.725938+01:00] VideoclubLogger.WARNING: Error: Ya tienes alquilado: Torrente {"exception":"[object] (Dwes\\ProyectoVideoclub\\Util\\SoporteYaAlquiladoException(code: 0): Ya tienes alquilado: Torrente at C:/xampp/htdocs/proyectoVideoclub/app/Cliente.php:112)"} []
[2026-01-05T21:38:42.726070+01:00] VideoclubLogger.INFO: Alquilado soporte: Torrente [] []
[2026-01-05T21:38:42.726156+01:00] VideoclubLogger.INFO: Has alquilado: Torrente {"titulo":"Torrente","cliente":1} []
[2026-01-05T21:38:42.726234+01:00] VideoclubLogger.WARNING: Cupo de alquileres superado. No puedes alquilar más de 2 soportes. [] []
[2026-01-05T21:38:42.726566+01:00] VideoclubLogger.WARNING: Error: No puedes alquilar más de 2 soportes. {"exception":"[object] (Dwes\\ProyectoVideoclub\\Util\\CupoSuperadoException(code: 0): No puedes alquilar más de 2 soportes. at C:/xampp/htdocs/proyectoVideoclub/app/Cliente.php:117)"} []
[2026-01-05T21:38:42.726743+01:00] VideoclubLogger.INFO: Socios en Severo 8A: {"videoclub":"Severo 8A"} []
[2026-01-05T21:38:42.727170+01:00] VideoclubLogger.INFO: Amancio Ortega tiene 2 soporte(s) alquilado(s): [] []
[2026-01-05T21:38:42.727574+01:00] VideoclubLogger.INFO: - The Last of Us Part II (Nº 2) [] []
[2026-01-05T21:38:42.727644+01:00] VideoclubLogger.INFO: - Torrente (Nº 3) [] []
[2026-01-05T21:38:42.727707+01:00] VideoclubLogger.INFO: Pablo Picasso tiene 1 soporte(s) alquilado(s): [] []
[2026-01-05T21:38:42.727764+01:00] VideoclubLogger.INFO: - Torrente (Nº 3) [] []
[2026-01-05T21:38:42.727820+01:00] VideoclubLogger.INFO: Devuelto soporte: The Last of Us Part II [] []
[2026-01-05T21:38:42.727872+01:00] VideoclubLogger.INFO: Has devuelto: The Last of Us Part II {"titulo":"The Last of Us Part II","cliente":1} []
[2026-01-05T21:38:42.727924+01:00] VideoclubLogger.WARNING: El soporte con número 2 ya está devuelto. No se realiza ninguna devolución. {"num_soporte":2} []
[2026-01-05T21:38:42.728008+01:00] VideoclubLogger.INFO: Socios en Severo 8A: {"videoclub":"Severo 8A"} []
[2026-01-05T21:38:42.728160+01:00] VideoclubLogger.INFO: Amancio Ortega tiene 1 soporte(s) alquilado(s): [] []
[2026-01-05T21:38:42.728242+01:00] VideoclubLogger.INFO: - Torrente (Nº 3) [] []
[2026-01-05T21:38:42.728354+01:00] VideoclubLogger.INFO: Pablo Picasso tiene 1 soporte(s) alquilado(s): [] []
[2026-01-05T21:38:42.728423+01:00] VideoclubLogger.INFO: - Torrente (Nº 3) [] []
[2026-01-05T21:48:07.512451+01:00] VideoclubLogger.WARNING: No tienes alquilado el soporte número: 999 [] []
[2026-01-05T21:48:43.318997+01:00] VideoclubLogger.INFO: Alquilado soporte: Soporte 1 [] []
[2026-01-05T21:48:43.395472+01:00] VideoclubLogger.INFO: Alquilado soporte: Soporte 1 [] []
[2026-01-05T21:48:43.396116+01:00] VideoclubLogger.INFO: Alquilado soporte: Soporte 2 [] []
[2026-01-05T21:48:43.396238+01:00] VideoclubLogger.INFO: Alquilado soporte: Soporte 3 [] []
[2026-01-05T21:48:43.397306+01:00] VideoclubLogger.INFO: Alquilado soporte: Repetido [] []
[2026-01-05T21:48:43.397786+01:00] VideoclubLogger.WARNING: El soporte ya está alquilado: Repetido [] []
[2026-01-05T21:48:43.400589+01:00] VideoclubLogger.INFO: Alquilado soporte: A [] []
[2026-01-05T21:48:43.401083+01:00] VideoclubLogger.WARNING: Cupo de alquileres superado. No puedes alquilar más de 1 soportes. [] []
[2026-01-05T21:48:43.402308+01:00] VideoclubLogger.INFO: Alquilado soporte: A [] []
[2026-01-05T21:48:43.402935+01:00] VideoclubLogger.INFO: Alquilado soporte: B [] []
[2026-01-05T21:48:43.403033+01:00] VideoclubLogger.WARNING: Cupo de alquileres superado. No puedes alquilar más de 2 soportes. [] []
[2026-01-05T21:48:43.403926+01:00] VideoclubLogger.INFO: Alquilado soporte: T [] []
[2026-01-05T21:48:43.404458+01:00] VideoclubLogger.INFO: Devuelto soporte: T [] []
[2026-01-05T21:48:43.446984+01:00] VideoclubLogger.WARNING: No tienes alquilado el soporte número: 999 [] []
[2026-01-05T21:52:44.676554+01:00] VideoclubLogger.INFO: Alquilado soporte: Soporte 1 [] []
[2026-01-05T21:52:44.682944+01:00] VideoclubLogger.INFO: Alquilado soporte: Soporte 1 [] []
[2026-01-05T21:52:44.683638+01:00] VideoclubLogger.INFO: Alquilado soporte: Soporte 2 [] []
[2026-01-05T21:52:44.683754+01:00] VideoclubLogger.INFO: Alquilado soporte: Soporte 3 [] []
[2026-01-05T21:52:44.684740+01:00] VideoclubLogger.INFO: Alquilado soporte: Repetido [] []
[2026-01-05T21:52:44.685271+01:00] VideoclubLogger.WARNING: El soporte ya está alquilado: Repetido [] []
[2026-01-05T21:52:44.687768+01:00] VideoclubLogger.INFO: Alquilado soporte: A [] []
[2026-01-05T21:52:44.688220+01:00] VideoclubLogger.WARNING: Cupo de alquileres superado. No puedes alquilar más de 1 soportes. [] []
[2026-01-05T21:52:44.689281+01:00] VideoclubLogger.INFO: Alquilado soporte: A [] []
[2026-01-05T21:52:44.689916+01:00] VideoclubLogger.INFO: Alquilado soporte: B [] []
[2026-01-05T21:52:44.690049+01:00] VideoclubLogger.WARNING: Cupo de alquileres superado. No puedes alquilar más de 2 soportes. [] []
[2026-01-05T21:52:44.691133+01:00] VideoclubLogger.INFO: Alquilado soporte: T [] []
[2026-01-05T21:52:44.691826+01:00] VideoclubLogger.INFO: Devuelto soporte: T [] []
[2026-01-05T21:52:44.692861+01:00] VideoclubLogger.WARNING: No tienes alquilado el soporte número: 999 [] []
[2026-01-05T21:52:44.700174+01:00] VideoclubLogger.INFO: Producto incluido: Cinta 1 (Nº 1) {"titulo":"Cinta 1","numero":1} []
[2026-01-05T21:52:44.700740+01:00] VideoclubLogger.INFO: Producto incluido: DVD 1 (Nº 2) {"titulo":"DVD 1","numero":2} []
[2026-01-05T21:52:44.700819+01:00] VideoclubLogger.INFO: Producto incluido: Juego 1 (Nº 3) {"titulo":"Juego 1","numero":3} []
[2026-01-05T21:52:44.747191+01:00] VideoclubLogger.INFO: Socio incluido: Socio 1 (Nº 1) {"nombre":"Socio 1","numero":1} []
[2026-01-05T21:52:44.747703+01:00] VideoclubLogger.INFO: Socio incluido: Socio 2 (Nº 2) {"nombre":"Socio 2","numero":2} []
[2026-01-05T21:52:44.772809+01:00] VideoclubLogger.INFO: Socio incluido: Juan (Nº 1) {"nombre":"Juan","numero":1} []
[2026-01-05T21:52:44.773770+01:00] VideoclubLogger.INFO: Producto incluido: Game (Nº 1) {"titulo":"Game","numero":1} []
[2026-01-05T21:52:44.773862+01:00] VideoclubLogger.INFO: Alquilado soporte: Game [] []
[2026-01-05T21:52:44.774865+01:00] VideoclubLogger.INFO: Has alquilado: Game {"titulo":"Game","cliente":1} []
[2026-01-05T21:52:44.776475+01:00] VideoclubLogger.INFO: Socio incluido: Ana (Nº 1) {"nombre":"Ana","numero":1} []
[2026-01-05T21:52:44.776978+01:00] VideoclubLogger.INFO: Producto incluido: G1 (Nº 1) {"titulo":"G1","numero":1} []
[2026-01-05T21:52:44.777090+01:00] VideoclubLogger.INFO: Producto incluido: G2 (Nº 2) {"titulo":"G2","numero":2} []
[2026-01-05T21:52:44.777441+01:00] VideoclubLogger.INFO: Alquilado soporte: G1 [] []
[2026-01-05T21:52:44.778085+01:00] VideoclubLogger.INFO: Has alquilado: G1 {"titulo":"G1","cliente":1} []
[2026-01-05T21:52:44.778157+01:00] VideoclubLogger.INFO: Alquilado soporte: G2 [] []
[2026-01-05T21:52:44.778217+01:00] VideoclubLogger.INFO: Has alquilado: G2 {"titulo":"G2","cliente":1} []
[2026-01-05T21:52:44.783625+01:00] VideoclubLogger.INFO: Socio incluido: Ana (Nº 1) {"nombre":"Ana","numero":1} []
[2026-01-05T21:52:44.784294+01:00] VideoclubLogger.INFO: Producto incluido: G1 (Nº 1) {"titulo":"G1","numero":1} []
[2026-01-05T21:52:44.784382+01:00] VideoclubLogger.WARNING: No existe el soporte con número 99. {"num_soporte":99} []
[2026-01-05T21:52:44.786662+01:00] VideoclubLogger.INFO: Socio incluido: Ana (Nº 1) {"nombre":"Ana","numero":1} []
[2026-01-05T21:52:44.787167+01:00] VideoclubLogger.INFO: Producto incluido: G1 (Nº 1) {"titulo":"G1","numero":1} []
[2026-01-05T21:52:44.787240+01:00] VideoclubLogger.INFO: Producto incluido: G2 (Nº 2) {"titulo":"G2","numero":2} []
[2026-01-05T21:52:44.787650+01:00] VideoclubLogger.INFO: Alquilado soporte: G1 [] []
[2026-01-05T21:52:44.788121+01:00] VideoclubLogger.INFO: Has alquilado: G1 {"titulo":"G1","cliente":1} []
[2026-01-05T21:52:44.788198+01:00] VideoclubLogger.WARNING: El soporte con número 1 ya está alquilado. No se realiza ningún alquiler. {"num_soporte":1} []
[2026-01-05T21:52:44.789040+01:00] VideoclubLogger.INFO: Socio incluido: Pepe (Nº 1) {"nombre":"Pepe","numero":1} []
[2026-01-05T21:52:44.789510+01:00] VideoclubLogger.INFO: Producto incluido: D1 (Nº 1) {"titulo":"D1","numero":1} []
[2026-01-05T21:52:44.789588+01:00] VideoclubLogger.INFO: Alquilado soporte: D1 [] []
[2026-01-05T21:52:44.790431+01:00] VideoclubLogger.INFO: Has alquilado: D1 {"titulo":"D1","cliente":1} []
[2026-01-05T21:52:44.790558+01:00] VideoclubLogger.INFO: Devuelto soporte: D1 [] []
[2026-01-05T21:52:44.790652+01:00] VideoclubLogger.INFO: Has devuelto: D1 {"titulo":"D1","cliente":1} []
[2026-01-05T21:52:44.791581+01:00] VideoclubLogger.INFO: Socio incluido: Pepe (Nº 1) {"nombre":"Pepe","numero":1} []
[2026-01-05T21:52:44.792164+01:00] VideoclubLogger.INFO: Producto incluido: D1 (Nº 1) {"titulo":"D1","numero":1} []
[2026-01-05T21:52:44.792244+01:00] VideoclubLogger.INFO: Producto incluido: D2 (Nº 2) {"titulo":"D2","numero":2} []
[2026-01-05T21:52:44.792328+01:00] VideoclubLogger.INFO: Alquilado soporte: D1 [] []
[2026-01-05T21:52:44.793056+01:00] VideoclubLogger.INFO: Has alquilado: D1 {"titulo":"D1","cliente":1} []
[2026-01-05T21:52:44.793140+01:00] VideoclubLogger.INFO: Alquilado soporte: D2 [] []
[2026-01-05T21:52:44.793203+01:00] VideoclubLogger.INFO: Has alquilado: D2 {"titulo":"D2","cliente":1} []
[2026-01-05T21:52:44.793280+01:00] VideoclubLogger.INFO: Devuelto soporte: D1 [] []
[2026-01-05T21:52:44.793584+01:00] VideoclubLogger.INFO: Has devuelto: D1 {"titulo":"D1","cliente":1} []
[2026-01-05T21:52:44.793655+01:00] VideoclubLogger.INFO: Devuelto soporte: D2 [] []
[2026-01-05T21:52:44.793707+01:00] VideoclubLogger.INFO: Has devuelto: D2 {"titulo":"D2","cliente":1} []
[2026-01-05T21:53:01.608872+01:00] VideoclubLogger.INFO: Alquilado soporte: Soporte 1 [] []
[2026-01-05T21:53:01.614267+01:00] VideoclubLogger.INFO: Alquilado soporte: Soporte 1 [] []
[2026-01-05T21:53:01.614958+01:00] VideoclubLogger.INFO: Alquilado soporte: Soporte 2 [] []
[2026-01-05T21:53:01.615116+01:00] VideoclubLogger.INFO: Alquilado soporte: Soporte 3 [] []
[2026-01-05T21:53:01.615909+01:00] VideoclubLogger.INFO: Alquilado soporte: Repetido [] []
[2026-01-05T21:53:01.616297+01:00] VideoclubLogger.WARNING: El soporte ya está alquilado: Repetido [] []
[2026-01-05T21:53:01.619101+01:00] VideoclubLogger.INFO: Alquilado soporte: A [] []
[2026-01-05T21:53:01.619850+01:00] VideoclubLogger.WARNING: Cupo de alquileres superado. No puedes alquilar más de 1 soportes. [] []
[2026-01-05T21:53:01.621624+01:00] VideoclubLogger.INFO: Alquilado soporte: A [] []
[2026-01-05T21:53:01.622213+01:00] VideoclubLogger.INFO: Alquilado soporte: B [] []
[2026-01-05T21:53:01.622315+01:00] VideoclubLogger.WARNING: Cupo de alquileres superado. No puedes alquilar más de 2 soportes. [] []
[2026-01-05T21:53:01.623069+01:00] VideoclubLogger.INFO: Alquilado soporte: T [] []
[2026-01-05T21:53:01.623764+01:00] VideoclubLogger.INFO: Devuelto soporte: T [] []
[2026-01-05T21:53:01.624704+01:00] VideoclubLogger.WARNING: No tienes alquilado el soporte número: 999 [] []
[2026-01-05T21:53:01.631451+01:00] VideoclubLogger.INFO: Producto incluido: Cinta 1 (Nº 1) {"titulo":"Cinta 1","numero":1} []
[2026-01-05T21:53:01.631988+01:00] VideoclubLogger.INFO: Producto incluido: DVD 1 (Nº 2) {"titulo":"DVD 1","numero":2} []
[2026-01-05T21:53:01.632053+01:00] VideoclubLogger.INFO: Producto incluido: Juego 1 (Nº 3) {"titulo":"Juego 1","numero":3} []
[2026-01-05T21:53:01.633431+01:00] VideoclubLogger.INFO: Socio incluido: Socio 1 (Nº 1) {"nombre":"Socio 1","numero":1} []
[2026-01-05T21:53:01.633986+01:00] VideoclubLogger.INFO: Socio incluido: Socio 2 (Nº 2) {"nombre":"Socio 2","numero":2} []
[2026-01-05T21:53:01.634705+01:00] VideoclubLogger.INFO: Socio incluido: Juan (Nº 1) {"nombre":"Juan","numero":1} []
[2026-01-05T21:53:01.635177+01:00] VideoclubLogger.INFO: Producto incluido: Game (Nº 1) {"titulo":"Game","numero":1} []
[2026-01-05T21:53:01.635259+01:00] VideoclubLogger.INFO: Alquilado soporte: Game [] []
[2026-01-05T21:53:01.636296+01:00] VideoclubLogger.INFO: Has alquilado: Game {"titulo":"Game","cliente":1} []
[2026-01-05T21:53:01.637409+01:00] VideoclubLogger.INFO: Socio incluido: Ana (Nº 1) {"nombre":"Ana","numero":1} []
[2026-01-05T21:53:01.637924+01:00] VideoclubLogger.INFO: Producto incluido: G1 (Nº 1) {"titulo":"G1","numero":1} []
[2026-01-05T21:53:01.637986+01:00] VideoclubLogger.INFO: Producto incluido: G2 (Nº 2) {"titulo":"G2","numero":2} []
[2026-01-05T21:53:01.638037+01:00] VideoclubLogger.INFO: Alquilado soporte: G1 [] []
[2026-01-05T21:53:01.638538+01:00] VideoclubLogger.INFO: Has alquilado: G1 {"titulo":"G1","cliente":1} []
[2026-01-05T21:53:01.638822+01:00] VideoclubLogger.INFO: Alquilado soporte: G2 [] []
[2026-01-05T21:53:01.638859+01:00] VideoclubLogger.INFO: Has alquilado: G2 {"titulo":"G2","cliente":1} []
[2026-01-05T21:53:01.639661+01:00] VideoclubLogger.INFO: Socio incluido: Ana (Nº 1) {"nombre":"Ana","numero":1} []
[2026-01-05T21:53:01.640146+01:00] VideoclubLogger.INFO: Producto incluido: G1 (Nº 1) {"titulo":"G1","numero":1} []
[2026-01-05T21:53:01.640224+01:00] VideoclubLogger.WARNING: No existe el soporte con número 99. {"num_soporte":99} []
[2026-01-05T21:53:01.640759+01:00] VideoclubLogger.INFO: Socio incluido: Ana (Nº 1) {"nombre":"Ana","numero":1} []
[2026-01-05T21:53:01.641303+01:00] VideoclubLogger.INFO: Producto incluido: G1 (Nº 1) {"titulo":"G1","numero":1} []
[2026-01-05T21:53:01.641474+01:00] VideoclubLogger.INFO: Producto incluido: G2 (Nº 2) {"titulo":"G2","numero":2} []
[2026-01-05T21:53:01.641549+01:00] VideoclubLogger.INFO: Alquilado soporte: G1 [] []
[2026-01-05T21:53:01.641976+01:00] VideoclubLogger.INFO: Has alquilado: G1 {"titulo":"G1","cliente":1} []
[2026-01-05T21:53:01.642070+01:00] VideoclubLogger.WARNING: El soporte con número 1 ya está alquilado. No se realiza ningún alquiler. {"num_soporte":1} []
[2026-01-05T21:53:01.642757+01:00] VideoclubLogger.INFO: Socio incluido: Pepe (Nº 1) {"nombre":"Pepe","numero":1} []
[2026-01-05T21:53:01.643310+01:00] VideoclubLogger.INFO: Producto incluido: D1 (Nº 1) {"titulo":"D1","numero":1} []
[2026-01-05T21:53:01.643369+01:00] VideoclubLogger.INFO: Alquilado soporte: D1 [] []
[2026-01-05T21:53:01.643824+01:00] VideoclubLogger.INFO: Has alquilado: D1 {"titulo":"D1","cliente":1} []
[2026-01-05T21:53:01.643954+01:00] VideoclubLogger.INFO: Devuelto soporte: D1 [] []
[2026-01-05T21:53:01.644094+01:00] VideoclubLogger.INFO: Has devuelto: D1 {"titulo":"D1","cliente":1} []
[2026-01-05T21:53:01.644966+01:00] VideoclubLogger.INFO: Socio incluido: Pepe (Nº 1) {"nombre":"Pepe","numero":1} []
[2026-01-05T21:53:01.645577+01:00] VideoclubLogger.INFO: Producto incluido: D1 (Nº 1) {"titulo":"D1","numero":1} []
[2026-01-05T21:53:01.645655+01:00] VideoclubLogger.INFO: Producto incluido: D2 (Nº 2) {"titulo":"D2","numero":2} []
[2026-01-05T21:53:01.645721+01:00] VideoclubLogger.INFO: Alquilado soporte: D1 [] []
[2026-01-05T21:53:01.646254+01:00] VideoclubLogger.INFO: Has alquilado: D1 {"titulo":"D1","cliente":1} []
[2026-01-05T21:53:01.646340+01:00] VideoclubLogger.INFO: Alquilado soporte: D2 [] []
[2026-01-05T21:53:01.646508+01:00] VideoclubLogger.INFO: Has alquilado: D2 {"titulo":"D2","cliente":1} []
[2026-01-05T21:53:01.646613+01:00] VideoclubLogger.INFO: Devuelto soporte: D1 [] []
[2026-01-05T21:53:01.646774+01:00] VideoclubLogger.INFO: Has devuelto: D1 {"titulo":"D1","cliente":1} []
[2026-01-05T21:53:01.646916+01:00] VideoclubLogger.INFO: Devuelto soporte: D2 [] []
[2026-01-05T21:53:01.647027+01:00] VideoclubLogger.INFO: Has devuelto: D2 {"titulo":"D2","cliente":1} []
